<?xml version="1.0" encoding="UTF-8"?>
<testsuite name="l2server.gameserver.datatables.CompoundTableTest" tests="1" skipped="0" failures="0" errors="0" timestamp="2018-05-13T10:36:43" hostname="WIN-KDS71MA" time="0.459">
  <properties/>
  <testcase name="testLoad" classname="l2server.gameserver.datatables.CompoundTableTest" time="0.459"/>
  <system-out><![CDATA[12:36:43 ?[1;37m[Test]?[0;39m ?[34mINFO ?[0;39m ?[1;30mConfig              ?[0;39m - Loading GameServer[tenkai_legacy.properties] Configuration Files...
12:36:44 ?[1;37m[Test]?[0;39m ?[34mINFO ?[0;39m ?[1;30mConfig              ?[0;39m - Loaded 1 Filter Words.
12:36:44 ?[1;37m[Test]?[0;39m ?[34mINFO ?[0;39m ?[1;30mConfig              ?[0;39m - Loaded 26 Foreign Keywords.
12:36:44 ?[1;37m[Test]?[0;39m ?[34mINFO ?[0;39m ?[1;30mThreadPool          ?[0;39m - Initialized with
12:36:44 ?[1;37m[Test]?[0;39m ?[34mINFO ?[0;39m ?[1;30mThreadPool          ?[0;39m - 	... 32/32 scheduled thread(s).
12:36:44 ?[1;37m[Test]?[0;39m ?[34mINFO ?[0;39m ?[1;30mThreadPool          ?[0;39m - 	... 16/16 thread(s).
12:36:44 ?[1;37m[Test]?[0;39m ?[34mINFO ?[0;39m ?[1;30mCompoundTable       ?[0;39m - CompoundTable: Loaded 80 combinations.
]]></system-out>
  <system-err><![CDATA[]]></system-err>
</testsuite>
