<?xml version="1.0" encoding="UTF-8"?>
<testsuite name="l2server.gameserver.datatables.ItemTableTest" tests="1" skipped="0" failures="0" errors="0" timestamp="2018-05-13T10:36:44" hostname="WIN-KDS71MA" time="2.935">
  <properties/>
  <testcase name="testLoad" classname="l2server.gameserver.datatables.ItemTableTest" time="2.935"/>
  <system-out><![CDATA[12:36:44 ?[1;37m[Test]?[0;39m ?[34mINFO ?[0;39m ?[1;30mConfig              ?[0;39m - Loading GameServer[tenkai_legacy.properties] Configuration Files...
12:36:44 ?[1;37m[Test]?[0;39m ?[34mINFO ?[0;39m ?[1;30mConfig              ?[0;39m - Loaded 1 Filter Words.
12:36:44 ?[1;37m[Test]?[0;39m ?[34mINFO ?[0;39m ?[1;30mConfig              ?[0;39m - Loaded 26 Foreign Keywords.
12:36:47 ?[1;37m[Test]?[0;39m ?[34mINFO ?[0;39m ?[1;30mItemTable           ?[0;39m - Highest item id used: 50623
]]></system-out>
  <system-err><![CDATA[]]></system-err>
</testsuite>
